[  000000] Iitalizg roup subsys cpuset[   0.000] Intiizng cgroupsuyscpu   0.000000Intiizg cgrousuys cpuacc
  0.00000 Lnux rsn 4.4.0-93-gneic uid@lg1-3) (gcveion 5.4.0 260609 (Unt 5.4.6untu16..4) ) 11UbuntuSMFr Aug1 :17: UTC2017 (Ubuntu 4.4.0-93.116-generic 4.4.79)
[    0.000000] Command line: BOOT_IMAGE=/boot/vmlinuz-4.4.0-93-generic root=LABEL=cloudimg-rootfs ro console=tty1 console=ttyS0
[    0.000000] KERNEL supported cpus:
[    0.000000]   Intel GenuineIntel
[    0.000000]   AMD AuthenticAMD
[    0.000000]   Centaur CentaurHauls
[    0.000000] x86/fpu: xstate_offset[2]:  57, tae_sizes[2]:  26
[  00000 x/fpu: Supporing XSAVEeatur0x: 'x fating point registers'
   0.000] 86/fp Sporting XSAV fearex02: 'SE gisters'
   0.000] 86/fpu SpotingXSE eatue 0x0: AV regiser
[    00000 x86puEnable xat feare0x7, conte siz i83 bte uing taard' frm.
[  000000 x/fu: Usg azy' FPUcoext swtcs.
[    0.000] e820BIS-provedhysil M map:
[   0.0000] BS-20: [m 000000000000-0x00000009ff]usale
    0.0000] IOSe8: mem 0000000900-0000000009fff] served
[    0.00000] BI-e82: [me0x0000000000000x00000000fff reseve
[    00000] IOS-e820: [mm x000000010000-000000ffefff] usle
[    00000]BI-e20:me0x00003fff000-000000ffff] PI da[   .0000]IOe820: [memx0000000fc0000-0x000000fffffff reserved
[    0.00000] NX (Execute Disable) protection: active
[    0.000000] SMBIOS 2.5 present.
[    0.000000] Hypervisor detected: KVM
[    0.000000] e820: last_pfn = 0x3fff0 max_arch_pfn = 0x400000000
[    0.000000] MTRR: Diabed
[    0.00000] x8/P: MTRRsdibld, skppingAT initializatio t.
[  0.0000 C MRRs al an - viruaze system.[    0000] x86/PAT: Configuti [0-7]: WB  WT  -   WB  WT  UC- UC  
[    0.000000] found SMP MP-table at [mem 0x0009fff0-0x0009ffff] mapped at [ffff88000009fff0]
[    0.000000] Scanning 1 areas for low memory corruption
[    0.000000] RAMDISK: [mem 0x36ac4000-0x37559fff]
[    0.000000] ACPI: Early table checksum verification disabled
[    0.000000] ACPI: RSDP 0x00000000000E0000 000024 (v02 VBOX  )
[    0.000000] ACPI: XSDT 0x000000003FFF0030 00003C (v01 VBOX   VBOXXSDT 00000001 ASL  00000061)
[    0.000000] ACPI: FACP 0x000000003FFF00F0 0000F4 (v04 VBOX   VBOXFACP 00000001 ASL  00000061)
[    0.000000] ACPI: DSDT 0x000000003FFF0470 001E0B (v01 VBOX   VBOXBIOS 00000002 INTL 20100528)
[    0.000000] ACPI: FACS 0x000000003FFF0200 000040
[    0.000000] ACPI: FACS 0x000000003FFF0200 000040
[   0.0000 ACI: APIC 0x000000003FF00 0005C v0VBX  VXAIC 00000001AS 00000)[    0.000000] ACI: SSDT 0x00000FFF02A0 00CC (1 OX  BOPUT 00002 NT200528
[   000000] o MA congution un
[    00000] ki a nde at [em0x0000000000000000-0x000000003ffeffff]
[    0.000000] NODE_DATA(0) allocated [mem 0x3ffeb000-0x3ffeffff]
[    0.000000] kvm-clock: Using msrs 4b564d01 and 4564d00[   0.000] vm-cckcpu 0,ms0:ff00 primarcp clok
[   .00000 km-clk:sing sched offset of 294412843cyes
[    0.0000] losorce: vmlok: mk:xffffffffffff max_cycles:x142e4dfb ma_ile_ns 85959143 
    0000] neanges:
[   0000] DMA   mem x000000010-0x000000fffff]
[    0.000000]   DMA32    [mem 000000010000x000003ffffff][   0.0000]  Normal  mpty
[   .0000]  vie   mp
    0.000] Mabe one arfor acnoe
[  000000]Eay emorno rans[   .0000]   node   : [m 000000000100-0x0000000009efff]
[    0.000000]   node   0: [mem 0x0000000000100000-0x000000003ffeffff]
[    0.000000] Initmem setup node 0 [mem 00000000010-0000000fffff
[   0.00000] ACPI: PM-Timer IO Port: 0x4008
[    0.000000] IOAPIC[0]: apic_id 2, version 17, address 0xfec00000, GSI 0-23
[    0.000000] ACPI: INT_SRC_OVR (bus 0 bus_irq 0glalirq 2 dfl l)
[   00000] APIIN_SRC_OVR (us 0 bs_q  global_irq 9 high leve)
[  00000 Ung AI ADT)foSM conigaton infmaon
   00000 sboot: llin 2 CPUs, hotpg Us
[   0000000]PM Regstrenosave moy: [mem 00000000-0x0000fff]
[    0.000000] PM: Registered nosave memory: [mem 0x0009f000-0x0009ffff]
[    0.000000] PM: Registered nosave memory: [mem 0x000a0000-0x000effff]
[    0.000000] PM: Registered nosave memory: [mem 0x000f0000-0x000fffff]
[    0.000000] e820: [mem 0x40000000-0xfffbffff] available for PCI devices
[   00000] Bootin pravirtualized kernel on KVM
[    0.000000] clocksource: refined-jiffi: mask: 0xfffffma_cycle: ffffffmax_idl_n: 6455196002568 ns
[   .0000]etup_prc: R_CPUS:2 _cpumk_ts:5 ncpu_ds n_node_id1
[   .0000] PEPU Embdd 3 pagespuffff88003fc0000 s98328 812 27 u1048576
[    0.000] V qsnlk hah table etries:25(oder: 0, 4096 bytes)[   0.0000 Bilt 1 zonelits i Nderder, obit groinon.  Talpages: 2793
[   000000Poiczo: DMA32
   0.0000 Krnel commandline:OOIMAG/bt/vmliuz.4.0-3-ger root=LABEL=lodimgoos rocool=tty1 nsle=tS0
[   .00000]PIhah tae trie 46 (orer3, 3268 bte)[    00000 Mor 10017K/0481K ailale849K knecode, 1294K rwdata 34K rdata 1492K nit,31 bss466K rerd, 0Kmaeserved)[   .0000] LU Halig64Order-3MinObjct0,CPUs, Node=1
[    0.00000Hieraricl RCU implemntion.
[  000000] uid-time adstent  lf fanout to64.[  0.000000] 	RCU restrctg CPUsfr NR_CPUS=512 t nr_c_i=2.
[   0.0000] RC: justing geotry r u_fanout_ea=6, r_cpu_id=2
[   0.0000 N_IRQS:30 n_irq4416
[   0.0000] Cool: coour VGA+80x25
[    0.000 conol[ty1] eabled
[   .0000]onsole [ttyS0] enabd[    0.000000] tsc: Detected 2194.918 MHz processor
[   18.618151] Calibrating delay loop (skipped) preset value.. 4389.83 BogoMIPS (lpj=8779672)
[   18.777524] pid_max: default: 32768 minimum: 301
[   18.889486] ACPI: Core revision 20150930
[   18.949795] ACPI: 2 ACPI AML tables successfully acquired and loaded
[   19.109063] Security Framework initialized
[   19.208014] Yama: becoming mindful.
[   19.302059] AppArmor: AppArmor initialized
[   19.395155] Dentry cache hash table entries: 131072 (order: 8, 1048576 bytes)
[   19.576493] Inode-cache hash table entries: 65536 (order: 7, 524288 bytes)
[   19.732109] Mount-cache hash table entries: 2048 (order: 2, 16384 bytes)
[   19.891821] Mountpoint-cache hash table entries: 2048 (order: 2, 16384 bytes)
[   20.008916] Initializing cgroup subsys io
[   20.091142] Initializing cgroup subsys memory
[   20.185565] Initializing cgroup subsys devices
[   20.275108] Initializing cgroup subsys freezer
[   20.398114] Initializing cgroup subsys net_cls
[   20.489464] Initializing cgroup subsys perf_event
[   20.595715] Initializing cgroup subsys net_prio
[   20.713932] Initializing cgroup subsys hugetlb
[   20.809231] Initializing cgroup subsys pids
[   20.909545] CPU: Physical Processor ID: 0
[   20.985514] CPU: Processor Core ID: 0
[   21.062412] mce: CPU supports 0 MCE banks
[   21.113351] Last level iTLB entries: 4KB 1024, 2MB 1024, 4MB 1024
[   21.241766] Last level dTLB entries: 4KB 1024, 2MB 1024, 4MB 1024, 1GB 4
[   21.371860] Freeing SMP alternatives memory: 32K (ffffffff820ba000 - ffffffff820c2000)
[   21.495205] ftrace: allocating 32136 entries in 126 pages
[   21.631818] smpboot: APIC(0) Converting physical 0 to logical package 0
[   21.769154] smpboot: Max logical packages: 1
[   21.859189] ..TIMER: vector=0x30 apic1=0 pin1=2 apic2=-1 pin2=-1
[   22.005444] smpboot: CPU0: Intel(R) Core(TM) i7-4770HQ CPU @ 2.20GHz (family: 0x6, model: 0x46, stepping: 0x1)
[   22.168197] Performance Events: unsupported p6 CPU model 70 no PMU driver, software events only.
[   22.312428] KVM setup paravirtual spinlock
[   22.402610] x86: Booting SMP configuration:
[   22.480829] .... node  #0, CPUs:      #1
[   22.543113] kvm-clock: cpu 1, msr 0:3ffe3041, secondary cpu clock
[   22.694541] mce: CPU supports 0 MCE banks
[   22.761361] x86: Booted up 1 node, 2 CPUs
[   22.833036] smpboot: Total of 2 processors activated (8779.67 BogoMIPS)
[   22.922646] devtmpfs: initialized
[   22.977458] evm: security.selinux
[   23.045228] evm: security.SMACK64
[   23.091177] evm: security.SMACK64EXEC
[   23.150563] evm: security.SMACK64TRANSMUTE
[   23.227169] evm: security.SMACK64MMAP
[   23.265278] evm: security.ima
[   23.279106] evm: security.capability
[   23.322934] clocksource: jiffies: mask: 0xffffffff max_cycles: 0xffffffff, max_idle_ns: 7645041785100000 ns
[   23.473485] futex hash table entries: 512 (order: 3, 32768 bytes)
[   23.572857] pinctrl core: initialized pinctrl subsystem
[   23.644802] RTC time: 16:41:14, date: 01/29/18
[   23.704930] NET: Registered protocol family 16
[   23.738651] cpuidle: using governor ladder
[   23.778223] cpuidle: using governor menu
[   23.812797] PCCT header not found.
[   23.828780] ACPI: bus type PCI registered
[   23.834227] acpiphp: ACPI Hot Plug PCI Controller Driver version: 0.5
[   23.917434] PCI: Using configuration type 1 for base access
[   24.041069] ACPI: Added _OSI(Module Device)
[   24.092640] ACPI: Added _OSI(Processor Device)
[   24.111687] ACPI: Added _OSI(3.0 _SCP Extensions)
[   24.183792] ACPI: Added _OSI(Processor Aggregator Device)
[   24.254786] ACPI: Executed 1 blocks of module-level executable AML code
[   24.268717] ACPI: Interpreter enabled
[   24.289653] ACPI: (supports S0 S5)
[   24.330068] ACPI: Using IOAPIC for interrupt routing
[   24.372100] PCI: Using host bridge windows from ACPI; if necessary, use "pci=nocrs" and report a bug
[   24.417776] ACPI: PCI Root Bridge [PCI0] (domain 0000 [bus 00-ff])
[   24.534323] acpi PNP0A03:00: _OSC: OS supports [ASPM ClockPM Segments MSI]
[   24.670860] acpi PNP0A03:00: _OSC failed (AE_NOT_FOUND); disabling ASPM
[   24.763268] acpi PNP0A03:00: fail to add MMCONFIG information, can't access extended PCI configuration space under this bridge.
[   24.916851] PCI host bridge to bus 0000:00
[   24.998269] pci_bus 0000:00: root bus resource [io  0x0000-0x0cf7 window]
[   25.125933] pci_bus 0000:00: root bus resource [io  0x0d00-0xffff window]
[   25.256937] pci_bus 0000:00: root bus resource [mem 0x000a0000-0x000bffff window]
[   25.397136] pci_bus 0000:00: root bus resource [mem 0x40000000-0xffdfffff window]
[   25.470954] pci_bus 0000:00: root bus resource [bus 00-ff]
[   25.488066] pci 0000:00:01.1: legacy IDE quirk: reg 0x10: [io  0x01f0-0x01f7]
[   25.564156] pci 0000:00:01.1: legacy IDE quirk: reg 0x14: [io  0x03f6]
[   25.688928] pci 0000:00:01.1: legacy IDE quirk: reg 0x18: [io  0x0170-0x0177]
[   25.856849] pci 0000:00:01.1: legacy IDE quirk: reg 0x1c: [io  0x0376]
[   25.986149] ACPI: PCI Interrupt Link [LNKA] (IRQs 5 9 10 11) *0, disabled.
[   26.048602] ACPI: PCI Interrupt Link [LNKB] (IRQs 5 9 10 *11)
[   26.067224] ACPI: PCI Interrupt Link [LNKC] (IRQs 5 9 *10 11)
[   26.146555] ACPI: PCI Interrupt Link [LNKD] (IRQs 5 *9 10 11)
[   26.180833] ACPI: Enabled 2 GPEs in block 00 to 07
[   26.264103] vgaarb: setting as boot device: PCI:0000:00:02.0
[   26.347434] vgaarb: device added: PCI:0000:00:02.0,decodes=io+mem,owns=io+mem,locks=none
[   26.391020] vgaarb: loaded
[   26.448310] vgaarb: bridge control possible 0000:00:02.0
[   26.534668] SCSI subsystem initialized
[   26.557447] ACPI: bus type USB registered
[   26.594144] usbcore: registered new interface driver usbfs
[   26.686219] usbcore: registered new interface driver hub
[   26.785550] usbcore: registered new device driver usb
[   26.902071] PCI: Using ACPI for IRQ routing
[   26.987955] NetLabel: Initializing
[   27.078829] NetLabel:  domain hash size = 128
[   27.175770] NetLabel:  protocols = UNLABELED CIPSOv4
[   27.272817] NetLabel:  unlabeled traffic allowed by default
[   27.408198] amd_nb: Cannot enumerate AMD northbridges
[   27.501365] clocksource: Switched to clocksource kvm-clock
[   2.61935ApArorAppArorFisyemnaled  8.51] p:nPCPin
  8.34] p:nPAC: un3 vis
[   29.007157] clocksource: acpi_pm: mask: 0xffffff max_cycles: 0xffffff, max_idle_ns: 2085701024 ns
[   29.315839] NET: Registered protocol family 2
[   29.506871] TCP established hash table entries: 8192 (order: 4, 65536 bytes)
[   29.758109] TCP bind hash table entries: 8192 (order: 5, 131072 bytes)
[   29.806922] TCP: Hash tables configured (established 8192 bind 8192)
[   29.833341] UDP hash table entries: 512 (order: 2, 16384 bytes)
[   29.841400] UDP-Lite hash table entries: 512 (order: 2, 16384 bytes)
[   29.934128] NET: Registered protocol family 1
[   30.062129] pci 0000:00:00.0: Limiting direct PCI/PCI transfers
[   30.351725] pci 0000:00:01.0: Activating ISA DMA hang workarounds
[   30.434731] Unpacking initramfs...
[   32.190909] Freeing initrd memory: 10840K (ffff880036ac4000 - ffff88003755a000)
[   32.381352] platform rtc_cmos: registered platform RTC device (no PNP device found)
[   32.513539] Scanning for low memory corruption every 60 seconds
[   32.515093] audit: initializing netlink subsys (disabled)
[   32.516235] audit: type=2000 audit(1517244061.060:1): initialized
[   32.565839] Initialise system trusted keyring
[   32.567056] HugeTLB registered 2 MB page size, pre-allocated 0 pages
[   32.598335] zbud: loaded
[   32.651593] VFS: Disk quotas dquot_6.6.0
[   32.732824] VFS: Dquot-cache hash table entries: 512 (order 0, 4096 bytes)
[   32.908979] squashfs: version 4.0 (2009/01/31) Phillip Lougher
[   3.05229]fue itAPveio7.)  3.60] c:efedSClosocealraio: 2193.79 z
[   3.129 cckur: c:as 0ffffffffmacyes0x9f8ab5, mx_les:405258136 n
ÿ[   34.721]eyypbikerested
[   34.172558] Allocating IMA MOK and blacklist keyrings.
[   34.172756] Key type asymmetric registered
[   34.172762] Asymmetric key parser 'x509' registered
[   34.172794] Block layer SCSI generic (bsg) driver version 0.4 loaded (major 249)
[   34.172831] io scheduler noop registered
[   34.172833] io scheduler deadline registered (default)
[   34.172859] io scheduler cfq registered
[   34.172958] pci_hotplug: PCI Hot Plug PCI Core version: 0.5
[   34.172962] pciehp: PCI Express Hot Plug Controller Driver version: 0.4
[   34.173282] ACPI: AC Adapter [AC] (on-line)
[   34.173336] input: Power Button as /devices/LNXSYSTM:00/LNXPWRBN:00/input/input0
[   34.173338] ACPI: Power Button [PWRF]
[   34.173454] input: Sleep Button as /devices/LNXSYSTM:00/LNXSLPBN:00/input/input1
[   34.173455] ACPI: Sleep Button [SLPF]
[   34.173622] GHES: HEST is not enabled!
[   34.173741] Serial: 8250/16550 driver, 32 ports, IRQ sharing enabled
[   35.303893] 00:02: ttyS0 at I/O 0x3f8 (irq = 4, base_baud = 115200) is a 16550A
[   35.751908] Linux agpgart interface v0.103
[   36.026574] ACPI: Battery Slot [BAT0] (battery present)
[   36.027846] loop: module loaded
[   36.028290] scsi host0: ata_piix
[   36.028338] scsi host1: ata_piix
[   36.028377] ata1: PATA max UDMA/33 cmd 0x1f0 ctl 0x3f6 bmdma 0xd000 irq 14
[   36.028378] ata2: PATA max UDMA/33 cmd 0x170 ctl 0x376 bmdma 0xd008 irq 15
[   36.028443] libphy: Fixed MDIO Bus: probed
[   36.028445] tun: Universal TUN/TAP device driver, 1.6
[   36.028445] tun: (C) 1999-2004 Max Krasnyansky <maxk@qualcomm.com>
[   36.028737] PPP generic driver version 2.4.2
[   36.028798] ehci_hcd: USB 2.0 'Enhanced' Host Controller (EHCI) Driver
[   36.028802] ehci-pci: EHCI PCI platform driver
[   36.028815] ehci-platform: EHCI generic platform driver
[   36.028821] ohci_hcd: USB 1.1 'Open' Host Controller (OHCI) Driver
[   36.028825] ohci-pci: OHCI PCI platform driver
[   36.028831] ohci-platform: OHCI generic platform driver
[   36.028837] uhci_hcd: USB Universal Host Controller Interface driver
[   36.028886] i8042: PNP: PS/2 Controller [PNP0303:PS2K,PNP0f03:PS2M] at 0x60,0x64 irq 1,12
[   36.108300] serio: i8042 KBD port at 0x60,0x64 irq 1
[   36.108307] serio: i8042 AUX port at 0x60,0x64 irq 12
[   36.108442] mousedev: PS/2 mouse device common for all mice
[   36.108750] rtc_cmos rtc_cmos: rtc core: registered rtc_cmos as rtc0
[   36.108802] rtc_cmos rtc_cmos: alarms up to one day, 114 bytes nvram
[   36.108808] i2c /dev entries driver
[   36.108863] device-mapper: uevent: version 1.0.3
[   36.108907] device-mapper: ioctl: 4.34.0-ioctl (2015-10-28) initialised: dm-devel@redhat.com
[   36.108921] ledtrig-cpu: registered to indicate activity on CPUs
[   36.109140] NET: Registered protocol family 10
[   36.109282] NET: Registered protocol family 17
[   36.109291] Key type dns_resolver registered
[   36.326653] microcode: CPU0 sig=0x40661, pf=0x40, revision=0x0
[   36.326784] microcode: CPU1 sig=0x40661, pf=0x40, revision=0x0
[   36.326841] microcode: Microcode Update Driver: v2.01 <tigran@aivazian.fsnet.co.uk>, Peter Oruba
[   36.326954] registered taskstats version 1
[   36.326969] Loading compiled-in X.509 certificates
[   36.327625] Loaded X.509 cert 'Build time autogenerated kernel key: a6f98c496ad22cf23b77f8fe21ff88c41791cbd4'
[   36.327652] zswap: loaded using pool lzo/zbud
[   36.329324] Key type trusted registered
[   36.331664] Key type encrypted registered
[   36.331669] AppArmor: AppArmor sha1 policy hashing enabled
[   36.331671] ima: No TPM chip found, activating TPM-bypass!
[   36.331687] evm: HMAC attrs: 0x1
[   36.332013]   Magic number: 2:977:692
[   36.343501] rtc_cmos rtc_cmos: setting system clock to 2018-01-29 16:41:27 UTC (1517244087)
[   36.343632] BIOS EDD facility v0.16 2004-Jun-25, 0 devices found
[   36.343632] EDD information not available.
[   36.827864] input: AT Translated Set 2 keyboard as /devices/platform/i8042/serio0/input/input2
[   41.319620] Freeing unused kernel memory: 1492K (ffffffff81f45000 - ffffffff820ba000)
[   41.632007] Write protecting the kernel read-only data: 14336k
[   41.809480] Freeing unused kernel memory: 1748K (ffff88000184b000 - ffff880001a00000)
[   41.908584] Freeing unused kernel memory: 112K (ffff880001de4000 - ffff880001e00000)
Loading, please wait...
[   42.127412] random: systemd-udevd: uninitialized urandom read (16 bytes read, 4 bits of entropy available)
starting version[   42.128052] random: udevadm: uninitialized urandom read (16 bytes read, 4 bits of entropy available)
 229
[   42.128085] random: udevadm: uninitialized urandom read (16 bytes read, 4 bits of entropy available)
[   42.128185] random: udevadm: uninitialized urandom read (16 bytes read, 4 bits of entropy available)
[   42.128223] random: udevadm: uninitialized urandom read (16 bytes read, 4 bits of entropy available)
[   42.128259] random: udevadm: uninitialized urandom read (16 bytes read, 4 bits of entropy available)
[   42.128293] random: udevadm: uninitialized urandom read (16 bytes read, 4 bits of entropy available)
[   42.128327] random: udevadm: uninitialized urandom read (16 bytes read, 4 bits of entropy available)
[   42.128361] random: udevadm: uninitialized urandom read (16 bytes read, 4 bits of entropy available)
[   42.128393] random: udevadm: uninitialized urandom read (16 bytes read, 4 bits of entropy available)
[   44.033881] Fusion MPT base driver 3.04.20
[   44.078295] Copyright (c) 1999-2008 LSI Corporation
[   44.221977] e1000: Intel(R) PRO/1000 Network Driver - version 7.3.21-k8-NAPI
[   44.470743] e1000: Copyright (c) 1999-2006 Intel Corporation.
[   44.688498] Fusion MPT SPI Host driver 3.04.20
[   44.882684] input: ImExPS/2 Generic Explorer Mouse as /devices/platform/i8042/serio1/input/input4
[   45.108663] AVX version of gcm_enc/dec engaged.
[   45.127042] AES CTR mode by8 optimization enabled
[   45.444293] e1000 0000:00:03.0 eth0: (PCI:33MHz:32-bit) 02:04:e4:df:e4:d8
[   45.607453] e1000 0000:00:03.0 eth0: Intel(R) PRO/1000 Network Connection
[   46.333857] e1000 0000:00:08.0 eth1: (PCI:33MHz:32-bit) 08:00:27:35:18:86
[   46.525236] e1000 0000:00:08.0 eth1: Intel(R) PRO/1000 Network Connection
[   46.687876] e1000 0000:00:03.0 enp0s3: renamed from eth0
[   46.871884] mptbase: ioc0: Initiating bringup
[   47.110390] e1000 0000:00:08.0 enp0s8: renamed from eth1
[   47.241907] floppy0: no floppy controllers found
[   47.332390] ioc0: LSI53C1030 A0: Capabilities={Initiator}
[   49.253905] scsi host2: ioc0: LSI53C1030 A0, FwRev=00000000h, Ports=1, MaxQ=256, IRQ=20
[   51.203130] scsi 2:0:0:0: Direct-Access     VBOX     HARDDISK         1.0  PQ: 0 ANSI: 5
[   51.496154] scsi target2:0:0: Beginning Domain Validation
[   51.639278] scsi target2:0:0: Domain Validation skipping write tests
[   51.654758] scsi target2:0:0: Ending Domain Validation
[   51.824781] scsi target2:0:0: asynchronous
[   52.034225] scsi 2:0:1:0: Direct-Access     VBOX     HARDDISK         1.0  PQ: 0 ANSI: 5
[   52.474042] scsi target2:0:1: Beginning Domain Validation
[   52.709999] scsi target2:0:1: Domain Validation skipping write tests
[   52.725705] scsi target2:0:1: Ending Domain Validation
[   52.750503] scsi target2:0:1: asynchronous
[   52.781204] sd 2:0:0:0: [sda] 20971520 512-byte logical blocks: (10.7 GB/10.0 GiB)
[   52.781211] sd 2:0:0:0: Attached scsi generic sg0 type 0
[   52.906236] sd 2:0:1:0: Attached scsi generic sg1 type 0
[   53.145508] sd 2:0:1:0: [sdb] 20480 512-byte logical blocks: (10.5 MB/10.0 MiB)
[   53.351887] sd 2:0:0:0: [sda] Write Protect is off
[   53.470715] sd 2:0:1:0: [sdb] Write Protect is off
[   53.473664] sd 2:0:0:0: [sda] Incomplete mode parameter data
[   53.473665] sd 2:0:0:0: [sda] Assuming drive cache: write through
[   53.587236]  sda: sda1
[   53.588030] sd 2:0:0:0: [sda] Attached SCSI disk
[   53.863202] sd 2:0:1:0: [sdb] Incomplete mode parameter data
[   54.021729] sd 2:0:1:0: [sdb] Assuming drive cache: write through
[   54.230087] sd 2:0:1:0: [sdb] Attached SCSI disk
Begin: Loading e[   55.715518] md: linear personality registered for level -1
ssential drivers[   55.944999] md: multipath personality registered for level -4
 ... [   56.025270] md: raid0 personality registered for level 0
[   56.041583] md: raid1 personality registered for level 1
[   56.121752] raid6: sse2x1   gen()  9341 MB/s
[   56.353777] raid6: sse2x1   xor()  7843 MB/s
[   56.519708] raid6: sse2x2   gen() 12161 MB/s
[   56.725923] raid6: sse2x2   xor()  8935 MB/s
[   56.950155] raid6: sse2x4   gen() 14213 MB/s
[   57.121437] raid6: sse2x4   xor()  9271 MB/s
[   57.290799] raid6: using algorithm sse2x4 gen() 14213 MB/s
[   57.527345] raid6: .... xor() 9271 MB/s, rmw enabled
[   57.731530] raid6: using ssse3x2 recovery algorithm
[   57.894990] xor: automatically using best checksumming function:
[   58.085412]    avx       : 20259.000 MB/sec
[   58.124637] async_tx: api initialized (async)
[   58.138408] md: raid6 personality registered for level 6
[   58.170737] md: raid5 personality registered for level 5
[   58.196701] md: raid4 personality registered for level 4
[   58.220068] md: raid10 personality registered for level 10
done.
Begin: Running /scripts/init-p[   58.259137] Btrfs loaded
remount ... done.
Begin: Mounting root file system ... Begin: Running /scripts/local-top ... done.
Begin: Runn[   58.335856] EXT4-fs (sda1): mounted filesystem with ordered data mode. Opts: (null)
ing /scripts/local-premount ... Scanning for Btrfs filesystems
done.
Warning: fsck not present, so skipping root file system
done.
Begin: Running /scripts/local-bottom ... done.
Begin: Running /scripts/init-bottom ... done.
[   58.400517] systemd[1]: systemd 229 running in system mode. (+PAM +AUDIT +SELINUX +IMA +APPARMOR +SMACK +SYSVINIT +UTMP +LIBCRYPTSETUP +GCRYPT +GNUTLS +ACL +XZ -LZ4 +SECCOMP +BLKID +ELFUTILS +KMOD -IDN)
[   58.714870] systemd[1]: Detected virtualization oracle.
[   58.863912] systemd[1]: Detected architecture 886-64.

Welcome to [1mUbuntu 16.04.3 LTS[0m!

[   59.070472] systemd[1]: Set hostname to <ubuntu>.
[   59.255130] systemd[1]: Initializing machine ID from random generator.
[   59.295112] systemd[1]: Installed transient /etc/machine-id file.
[   59.428563] systemd[1]: Created slice User and Session Slice.
[[0;32m  OK  [0m] Created slice User and Session Slice.
[   59.711046] systemd[1]: Set up automount Arbitrary Executable File Formats File System Automount Point.
[[0;32m  OK  [0m] Set up automount Arbitrary Executab...ats File System Automount Point.
[   60.110196] systemd[1]: Listening on Device-mapper event daemon FIFOs.
[[0;32m  OK  [0m] Listening on Device-mapper event daemon FIFOs.
[   60.393823] systemd[1]: Created slice System Slice.
[[0;32m  OK  [0m] Created slice System Slice.
[   60.473748] systemd[1]: Listening on Journal Socket (/dev/log).
[[0;32m  OK  [0m] Listening on Journal Socket (/dev/log).
[   60.721927] systemd[1]: Started Forward Password Requests to Wall Directory Watch.
[[0;32m  OK  [0m] Started Forward Password Requests to Wall Directory Watch.
[   61.006157] systemd[1]: Reached target Slices.
[[0;32m  OK  [0m] Reached target Slices.
[   61.137785] systemd[1]: Listening on udev Kernel Socket.
[[0;32m  OK  [0m] Listening on udev Kernel Socket.
[   61.258736] systemd[1]: Listening on LVM2 poll daemon socket.
[[0;32m  OK  [0m] Listening on LVM2 poll daemon socket.
[   61.465675] systemd[1]: Listening on Journal Audit Socket.
[[0;32m  OK  [0m] Listening on Journal Audit Socket.
[   61.502615] systemd[1]: Created slice system-serialxx2dgetty.slice.
[[0;32m  OK  [0m] Created slice system-serial\x2dgetty.slice.
[   61.881938] systemd[1]: Listening on /dev/initctl Compatibility Named Pipe.
[[0;32m  OK  [0m] Listening on /dev/initctl Compatibility Named Pipe.
[   62.110085] systemd[1]: Reached target Swap.
[[0;32m  OK  [0m] Reached target Swap.
[   62.217904] systemd[1]: Reached target User and Group Name Lookups.
[[0;32m  OK  [0m] Reached target User and Group Name Lookups.
[   62.340525] systemd[1]: Listening on udev Control Socket.
[[0;32m  OK  [0m] Listening on udev Control Socket.
[   62.533909] systemd[1]: Started Trigger resolvconf update for networkd DNS.
[[0;32m  OK  [0m] Started Trigger resolvconf update for networkd DNS.
[   62.585864] systemd[1]: Listening on LVM2 metadata daemon socket.
[[0;32m  OK  [0m] Listening on LVM2 metadata daemon socket.
[   62.709654] systemd[1]: Listening on Syslog Socket.
[[0;32m  OK  [0m] Listening on Syslog Socket.
[   62.789680] systemd[1]: Listening on Journal Socket.
[[0;32m  OK  [0m] Listening on Journal Socket.
[   62.874145] systemd[1]: Mounting Huge Pages File System...
         Mounting Huge Pages File System...
[   63.001560] systemd[1]: Mounting Debug File System...
         Mounting Debug File System...
[   63.069894] systmmd[1]: Starting Remount Root and Kernel File Systems...
[   63.072744] EXT4-fs (sda1): re-mounted. Opts: (null)
         Starting Remount Root and Kernel File Systems...
[   63.649517] systemd[1]: Starting Create list of required static device nodes for the current kernel...
[   63.649887] random: nonblocking pool is initialized
         Starting Create list of required st... nodes for the current kernel...
[   63.930023] systemd[1]: Stariing Monitoring of LVM2 mirrors, snapshots etc. using dmeventd or progress polling...
         Starting Monitoring of LVM2 mirrors... dmeventd or progress polling...
[   64.361681] systemd[1]: Starting Set console keymap...
         Starting Set console keymap...
[   64.570427] systemd[1]: Starting Uncomplicated firewall...
         Starting Uncomplicated firewall...
[   64.635752] systemd[1]: Starting Journal Service...
         Starting Journal Service...
[   64.725537] systemd[1]: Starting Nameserver information manager...
         Starting Nameserver information manager...
[   64.798406] systemd[1]: Starting Load Kernel Modules...
         Startin[   64.896124] Loading iSCSI transport class v2.0-870.
g Load Kernel Mo[   65.020434] iscsi: registered transport (tcp)
dules...
[   65.134064] systemd[1]: Reached target Encrypted Volumes.
[[0;32m  OK  [0m] Reached targ[   65.365169] iscsi: registered transport (iser)
et Encrypted Volumes.
[   65.517985] systemd[1]: Mounting POSIX Message Queue File System...
         Mounting POSIX Message Queue File System...
[   65.842522] systemd[1]: Mounted Huge Pages File System.
[[0;32m  OK  [0m] Mounted Huge Pages File System.
[   65.949778] systemd[1]: Mounted POSIX Message Queue File System.
[[0;32m  OK  [0m] Mounted POSIX Message Queue File System.
[   66.142511] systemd[1]: Mounted Debug File System.
[[0;32m  OK  [0m] Mounted Debug File System.
[   66.334105] systemd[1]: Started Journal Service.
[[0;32m  OK  [0m] Started Journal Service.
[[0;32m  OK  [0m] Started Remount Root and Kernel File Systems.
[[0;32m  OK  [0m] Started Create list of required sta...ce nodes for the current kernel.
[[0;32m  OK  [0m] Started Set console keymap.
[[0;32m  OK  [0m] Started Uncomplicated firewall.
[[0;32m  OK  [0m] Started Load Kernel Modules.
[[0;32m  OK  [0m] Started Nameserver information manager.
[[0;32m  OK  [0m] Started LVM2 metadata daemon.
         Starting Apply Kernel Variables...
         Mounting FUSE Control File System...
         Starting Create Static Device Nodes in /dev...
         Starting udev Coldplug all Devices...
         Starting Load/Save Random Seed...
         Starting Initial cloud-init job (pre-networking)...
         Starting Flush Journal to Persistent Storage...
[[0;32m  OK  [0m] Mounted FUSE Control File System.
[[0;32m  OK  [0m] Started Apply Kernel Variables.
[[0;32m  OK  [0m] Started Create Static Device Nodes in /dev.
[[0;32m  OK  [0m] Started Load/Save Random Seed.
[[0;32m  OK  [0m] Started Monitoring of LVM2 mirrors,...ng dmeventd or progress polling.
[[0;32m  OK  [0m] Started udev Coldplug all Devices.
[[0;32m  OK  [0m] Started Flush Journal to Persistent Storage.
         Starting udev Kernel Device Manager...
[[0;32m  OK  [0m] Started udev Kernel Device Manager.
[[0;32m  OK  [0m] Reached target Local File Systems (Pre).
[[0;32m  OK  [0m] Reached target Local File Systems.
         Starting LSB: AppArmor initialization...
         Starting Tell Plymouth To Write Out Runtime Data...
[   40.980267] cloud-init[459]: Cloud-init v. 0.7.9 running 'init-local' at Mon, 29 Jan 2018 16:41:58 +0000. Up 40.74 seconds.
         Starting Create Volatile Files and Directories...
         Starting Set console font and keymap...
         Starting Commit a transient machine-id on disk...
[[0;32m  OK  [0m] Started Dispatch Password Requests to Console Directory Watch.
[[0;32m  OK  [0m] Started Tell Plymouth To Write Out Runtime Data.
[[0;32m  OK  [0m] Started Create Volatile Files and Directories.
[[0;32m  OK  [0m] Started Set console font and keymap.
[[0;32m  OK  [0m] Started Commit a transient machine-id on disk.
[[0;32m  OK  [0m] Started Initial cloud-init job (pre-networking).
[[0;32m  OK  [0m] Found device /dev/ttyS0.
[[0;32m  OK  [0m] Listening on Load/Save RF Kill Switch Status /dev/rfkill Watch.
[[0;32m  OK  [0m] Reached target Network (Pre).
[[0;32m  OK  [0m] Created slice system-getty.slice.
[[0;32m  OK  [0m] Reached target System Time Synchronized.
         Starting Update UTMP about System Boot/Shutdown...
[[0;32m  OK  [0m] Started LSB: AppArmor initialization.
[[0;32m  OK  [0m] Started Update UTMP about System Boot/Shutdown.
         Starting Raise network interfaces...
[[0;32m  OK  [0m] Started Raise network interfaces.
[[0;32m  OK  [0m] Reached target Network.
         Starting Initial cloud-init job (metadata service crawler)...
[   44.733783] cloud-init[946]: Cloud-init v. 0.7.9 running 'init' at Mon, 29 Jan 2018 16:42:02 +0000. Up 44.31 seconds.
[[0;32m  OK  [0m] Started Initial cloud-init job (metadata service crawler).
[[0;32m  OK  [0m] Reached target Network is Online.
[   44.842979] cloud-init[946]: ci-info: +++++++++++++++++++++++++++++++++++++Net device info++++++++++++++++++++++++++++++++++++++
[   45.049550]          cloud-initStarting iSCSI initiator daemon (iscsid)...[946]: 
ci-info: +--------+-------+---------------------------+---------------+-------+-------------------+
[   45.212574] [cloud-init[0;32m  OK  [0m[946]: ] ci-info: | Device |   Up  |          Address          |      Mask     | Scope |     Hw-Address    |Reached target System Initialization.

[   45.370898]          cloud-initStarting LXD - unix socket.[946]: 
ci-info: +--------+-------+---------------------------+---------------+-------+-------------------+
[   45.500647] [cloud-init[0;32m  OK  [0m[946]: ] ci-info: | enp0s8 | False |             .             |       .       |   .   | 08:00:27:35:18:86 |Listening on D-Bus System Message Bus Socket.

[   45.656363] [cloud-init[0;32m  OK  [0m[946]: ] ci-info: | enp0s3 |  True |         10.0.2.15         | 255.255.255.0 |   .   | 02:04:e4:df:e4:d8 |Started Timer to automatically refresh installed snaps.

[   45.656983] cloud-init[946]: ci-info: | enp0s3 |  True | fe80::4:e4ff:fedf:e4d8/64 |       .       |  link | 02:04:e4:df:e4:d8 |
[   45.860950] [cloud-init[0;32m  OK  [0m[946]: ] ci-info: |   lo   |  True |         127.0.0.1         |   255.0.0.0   |   .   |         .         |Started ACPI Events Check.

[[0;32m  OK  [0m] Reached target Paths.
[[0;32m  OK  [0m] Listening on UUID daemon activation socket.
[   45.861759] cloud-init[946]: ci-info: |   lo   |  True |          ::1/128          |       .       |  host |         .         |
         Starting Socket activation for snappy daemon.
[[0;32m  OK  [0m] Listening on ACPID Listen Socket.
[[0;32m  OK  [0m] Started Daily apt download activities.
[   46.180013] cloud-init[946]: ci-info: +--------+-------+---------------------------+---------------+-------+-------------------+
[   46.456587] [cloud-init[0;32m  OK  [0m[946]: ] ci-info: +++++++++++++++++++++++++++Route IPv4 info++++++++++++++++++++++++++++Started Daily apt upgrade and clean activities.

[[0;32m  OK  [0m] Started Daily Cleanup of Temporary Directories.
[[0;32m  OK  [0m] Reached target Timers.
[   46.457177] cloud-init[946]: ci-info: +-------+-------------+----------+---------------+-----------+-------+
[[0;32m  OK  [0m] Reached target Cloud-config availability.
[   46.733984] cloud-init[946]: ci-info: | Route | Destination | Gateway  |    Genmask    | Interface | Flags |
[   46.832635] [cloud-init[0;32m  OK  [0m[946]: ] ci-info: +-------+-------------+----------+---------------+-----------+-------+Listening on LXD - unix socket.

[[0;32m  OK  [0m] Listening on Socket activation for snappy daemon.
[[0;32m  OK  [0m] Started iSCSI initiator daemon (iscsid).
[   46.833265] cloud-init[946]: ci-info: |   0   |   0.0.0.0   | 10.0.2.2 |    0.0.0.0    |   enp0s3  |   UG  |
[   46.904986] cloud-init[946]: ci-info: |   1   |   10.0.2.0  | 0.0.0.0  | 255.255.255.0 |   enp0s3  |   U   |
[   46.906668] cloud-init[946]: ci-info: +-------+-------------+----------+---------------+-----------+-------+
         Starting Login to default iSCSI targets...
[[0;32m  OK  [0m] Reached target Sockets.
[[0;32m  OK  [0m] Reached target Basic System.
[   46.965732] cloud-init[946]: Generating public/private rsa key pair.
[   47.068300]          Starting Accounts Service...
cloud-init[946]: Your identification has been saved in /etc/ssh/ssh_host_rsa_key.
[   47.070146] cloud-init[946]: Your public key has been saved in /etc/ssh/ssh_host_rsa_key.pub.
[   47.071684] cloud-init[946]: The key fingerprint is:
[   47.072931] cloud-init[946]: SHA256:UpMM6XpZC3kNptSBuQx48K3/bCxbLsCMlKXVnCiGHWU root@ubuntu-xenial
[   47.074456] cloud-init[946]: The key's randomart image is:
[   47.075662] cloud-init[946]: +---[RSA 2048]----+
[   47.076875] cloud-init[946]: | oo=E+.*..       |
[   47.092400] [cloud-init[0;32m  OK  [0m[946]: ] |. =o*.Oo+.       |Started D-Bus System Message Bus.

[   47.092824] cloud-init[946]: | . B.=.==o       |
[   47.164612] [cloud-init[0;32m  OK  [0m[946]: ] |  +  .B.o..      |Started Deferred execution scheduler.

[   47.165800] cloud-init[946]: | . +...=S.       |
         Starting System Logging Service...
[   47.255245] cloud-init[946]: |  . =.o..        |
[   47.304348] cloud-init[946]: |     o...        |
[   47.323799] cloud-init[946]: |      o=o        |
[   47.324214] cloud-init[946]: |      .=+        |
[   47.324339] cloud-init[946]: +----[SHA256]-----+
[   47.324470] cloud-init[946]: Generating public/private dsa key pair.
[   47.324608] cloud-init[946]: Your identification has been saved in /etc/ssh/ssh_host_dsa_key.
[   47.324739] cloud-init[946]: Your public key has been saved in /etc/ssh/ssh_host_dsa_key.pub.
[   47.324876] cloud-init[946]: The key fingerprint is:
[   47.325011] cloud-init[946]: SHA256:RXwyvkslx1014/GSp1uAHQkYz63jeH8MCEgBQO1uF+g root@ubuntu-xenial
[   47.325148] cloud-init[946]: The key's randomart image is:
[   47.325281] cloud-init[946]: +---[DSA 1024]----+
[   47.325416] cloud-init[946]: |   .oo...ooo...=o|
[   47.325563] cloud-init[946]: |      . ..=o.+oo*|
[   47.325729] cloud-init[946]: |     . o o.=+.*oo|
[   47.325863] cloud-init[946]: |      o o.+ +..= |
[   47.326006] cloud-init[946]: |     o  S. *o.. .|
[   47.326147] cloud-init[946]: |      E . oo...o |
[   47.326289] cloud-init[946]: |     . . ...o .o |
[   47.326429] cloud-init[946]: |          .. .  o|
[   47.326569] cloud-init[946]: |              .. |
[   47.326710] cloud-init[946]: +----[SHA256]-----+
[   47.326852] cloud-init[946]: Generating public/private ecdsa key pair.
[   47.326997] cloud-init[946]: Your identification has been saved in /etc/ssh/ssh_host_ecdsa_key.
[   47.327138] cloud-init[946]: Your public key has been saved in /etc/ssh/ssh_host_ecdsa_key.pub.
[   47.327281] cloud-init[946]: The key fingerprint is:
[   47.327422] cloud-init[946]: SHA256:YElVfXwCkZeHnyU7dyTPQZkcIyNmoEOFw0FQXmLwcjI root@ubuntu-xenial
[   47.327562] cloud-init[946]: The key's randomart image is:
[   47.327701] cloud-init[946]: +---[ECDSA 256]---+
[   47.327841] cloud-init[946]: |     oBO==o=oBo*+|
[   47.328001] cloud-init[946]: |     .==+ o + %=*|
[   47.328259] cloud-init[946]: |     E+*.    o %+|
[   47.328381] cloud-init[946]: |     .=..     o.*|
[   47.328511] cloud-init[946]: |        S      o.|
[   47.328643] cloud-init[946]: |                 |
[   47.328773] cloud-init[946]: |                 |
[   47.328915] cloud-init[946]: |                 |
[   47.329042] cloud-init[946]: |                 |
[   47.329173] cloud-init[946]: +----[SHA256]-----+
[   47.329306] cloud-init[946]: Generating public/private ed25519 key pair.
[   47.329448] cloud-init[946]: Your identification has been saved in /etc/ssh/ssh_host_ed25519_key.
[   47.329573] cloud-init[946]: Your public key has been saved in /etc/ssh/ssh_host_ed25519_key.pub.
[   47.329705] cloud-init[946]: The key fingerprint is:
[   47.329835] cloud-init[946]: SHA256:8GIVxwWu2IQJwwtNHk2YY8G3kQbAj356iE3yRS9kn8I root@ubuntu-xenial
[   47.329968] cloud-init[946]: The key's randomart image is:
[   47.330097] cloud-init[946]: +--[ED25519 256]--+
[   47.330232] cloud-init[946]: | ..*BB....oo.    |
[   47.330364] cloud-init[946]: |  o.O+*o +.      |
[   47.330496] cloud-init[946]: |   =.=+oo .      |
[   47.330628] cloud-init[946]: |  . * .B .       |
[   47.330763] cloud-init[946]: | . = o+.S        |
[   47.330893] cloud-init[946]: |. o E.+.         |
[   47.331022] cloud-init[946]: | * = o           |
[   47.331153] cloud-init[946]: |. = .            |
[   47.331536] cloud-init[946]: |   .             |
[   47.331693] cloud-init[946]: +----[SHA256]-----+
[[0;32m  OK  [0m] Started ACPI event daemon.
         Starting LXD - container startup/shutdown...
         Starting Login Service...
         Starting Pollinate to seed the pseudo random number generator...
[[0;32m  OK  [0m] Started Unattended Upgrades Shutdown.
[[0;32m  OK  [0m] Started FUSE filesystem for LXC.
         Starting LSB: MD monitoring daemon...
[[0;32m  OK  [0m] Started Regular background program processing daemon.
         Starting /etc/rc.local Compatibility...
         Starting Apply the settings specified in cloud-config...
         Starting LSB: Record successful boot for GRUB...
[[0;32m  OK  [0m] Started Snappy daemon.
         Starting Auto import assertions from block devices...
[[0;32m  OK  [0m] Started System Logging Service.
[[0;32m  OK  [0m] Started LXD - container startup/shutdown.
[[0;32m  OK  [0m] Started Pollinate to seed the pseudo random number generator.
[[0;32m  OK  [0m] Started /etc/rc.local Compatibility.
[[0;32m  OK  [0m] Started Auto import assertions from block devices.
[[0;32m  OK  [0m] Started Login to default iSCSI targets.
[   49.446941] cloud-init[1123]: Generating locales (this might take a while)...
[[0;32m  OK  [0m] Started LSB: MD monitoring daemon.
[[0;32m  OK  [0m] Started LSB: Record successful boot for GRUB.
         Starting Authenticate and Authorize Users to Run Privileged Tasks...
[[0;32m  OK  [0m] Reached target Remote File Systems (Pre).
[[0;32m  OK  [0m] Reached target Remote File Systems.
         Starting LSB: automatic crash report generation...
         Starting LSB: Set the CPU Frequency Scaling governor to "ondemand"...
         Starting LSB: daemon to balance interrupts for SMP systems...
         Starting LSB: VirtualBox Linux Additions...
         Starting Permit User Sessions...
         Starting OpenBSD Secure Shell server...
[[0;32m  OK  [0m] Started OpenBSD Secure Shell server.
[[0;32m  OK  [0m] Started Permit User Sessions.
[[0;32m  OK  [0m] Started Login Service.
[[0;32m  OK  [0m] Started Authenticate and Authorize Users to Run Privileged Tasks.
[[0;32m  OK  [0m] Started Accounts Service.
         Starting Terminate Plymouth Boot Screen...
         Starting Hold until boot process finishes up...
[[0;32m  OK  [0m] Started LSB: automatic crash report generation.
[[0;32m  OK  [0m] Started LSB: Set the CPU Frequency Scaling governor to "ondemand".
[[0;32m  OK  [0m] Started LSB: daemon to balance interrupts for SMP systems.
[[0;32m  OK  [0m] Started LSB: VirtualBox Linux Additions.
[[0;32m  OK  [0m] Started Terminate Plymouth Boot Screen.
[[0;32m  OK  [0m] Started Hold until boot process finishes up.
         Starting Set console scheme...
[   50.251130] cloud-init[1123]:   en_US.UTF-8... done
[   50.280547] cloud-init[1123]: Generation complete.
[[0;32m  OK  [0m] Started Getty on tty1.
[[0;32m  OK  [0m] Started Serial Getty on ttyS0.
[[0;32m  OK  [0m] Reached target Login Prompts.
[[0;32m  OK  [0m] Reached target Multi-User System.
[[0;32m  OK  [0m] Reached target Graphical Interface.
         Starting Update UTMP about System Runlevel Changes...
[[0;32m  OK  [0m] Started Set console scheme.
[[0;32m  OK  [0m] Started Update UTMP about System Runlevel Changes.
         Stopping OpenBSD Secure Shell server...
[[0;32m  OK  [0m] Stopped OpenBSD Secure Shell server.
         Starting OpenBSD Secure Shell server...
[[0;32m  OK  [0m] Started OpenBSD Secure Shell server.
[[0;32m  OK  [0m] Created slice User Slice of ubuntu.
         Starting User Manager for UID 1000...
[[0;32m  OK  [0m] Started User Manager for UID 1000.
[[0;32m  OK  [0m] Started Apply the settings specified in cloud-config.
[   50.983959] cloud-init[1123]: Cloud-init v. 0.7.9 running 'modules:config' at Mon, 29 Jan 2018 16:42:07 +0000. Up 49.35 seconds.
[[0;32m  OK  [0m] Started Session 1 of user ubuntu.
         Starting Execute cloud user/final scripts...
ci-info: no authorized ssh keys fingerprints found for user ubuntu.
<14>Jan 29 16:42:09 ec2: 
<14>Jan 29 16:42:09 ec2: #############################################################
<14>Jan 29 16:42:09 ec2: -----BEGIN SSH HOST KEY FINGERPRINTS-----
<14>Jan 29 16:42:09 ec2: 1024 SHA256:RXwyvkslx1014/GSp1uAHQkYz63jeH8MCEgBQO1uF+g root@ubuntu-xenial (DSA)
<14>Jan 29 16:42:09 ec2: 256 SHA256:YElVfXwCkZeHnyU7dyTPQZkcIyNmoEOFw0FQXmLwcjI root@ubuntu-xenial (ECDSA)
<14>Jan 29 16:42:09 ec2: 256 SHA256:8GIVxwWu2IQJwwtNHk2YY8G3kQbAj356iE3yRS9kn8I root@ubuntu-xenial (ED25519)
<14>Jan 29 16:42:09 ec2: 2048 SHA256:UpMM6XpZC3kNptSBuQx48K3/bCxbLsCMlKXVnCiGHWU root@ubuntu-xenial (RSA)
<14>Jan 29 16:42:09 ec2: -----END SSH HOST KEY FINGERPRINTS-----
<14>Jan 29 16:42:09 ec2: #############################################################
-----BEGIN SSH HOST KEY KEYS-----
ecdsa-sha2-nistp256 AAAAE2VjZHNhLXNoYTItbmlzdHAyNTYAAAAIbmlzdHAyNTYAAABBBHfr9UEPLmIgbYfYdOjos250dWk5lweUSB60MgztSSSt8X/q//GHCTZzlVp7d1sNsvg2WTBJ1D+obSc5bo5/2zU= root@ubuntu-xenial
ssh-ed25519 AAAAC3NzaC1lZDI1NTE5AAAAIAygz/aOdwXS16hCXtjVq9eLAw+ZoRuCypNET1ZI3IQt root@ubuntu-xenial
ssh-rsa AAAAB3NzaC1yc2EAAAADAQABAAABAQDQOXwwugAMeSxLqoOoXpRV90NPfcFHQ2q7nckh3B0+FnAceLmKveDP10Racax1Acvktd0ubwk1JVsX/VFjSFkbLGAuSye90QEY7wHMw5DBJxqYRbinvZ7G2Yu6g9jf46IzhXB7hM1/3VVNq/Yzti2GzGhHnRDeI/PnoWLQN9F3wzBEnI73POkytxOxT3jm7kZWApbN2VcsCh7LmtzSI56ozOvoOA20kg3wXZ/hZjydICVRsv3Pat1RfJemH/9gSlBlAlP5aH8aLl8htjJmvEe9yAXp5oBFh/2wn9tE8e/YXmzrogtuQrW2+ys2QJGHtI2ESia1yORPIJWpTSHrcMNz root@ubuntu-xenial
-----END SSH HOST KEY KEYS-----
[[0;32m  OK  [0m] Started Session 2 of user ubuntu.
[   52.726147] cloud-init[1327]: Cloud-init v. 0.7.9 running 'modules:final' at Mon, 29 Jan 2018 16:42:09 +0000. Up 51.49 seconds.
[   52.880680] [cloud-init[0;32m  OK  [0m[1327]: ] ci-info: no authorized ssh keys fingerprints found for user ubuntu.Started Execute cloud user/final scripts.

[   52.881059] cloud-init[1327]: Cloud-init v. 0.7.9 finished at Mon, 29 Jan 2018 16:42:10 +0000. Datasource DataSourceNoCloud [seed=/dev/sdb][dsmode=net].  Up 52.71 seconds
[[0;32m  OK  [0m] Reached target Cloud-init target.

Ubuntu 16.04.3 LTS ubuntu-xenial ttyS0

ubuntu-xenial login: 